#
# A fatal error has been detected by the Java Runtime Environment:
#
#  EXCEPTION_ACCESS_VIOLATION (0xc0000005) at pc=0x000000000f02588a, pid=10640, tid=5884
#
# JRE version: 7.0_05-b05
# Java VM: Java HotSpot(TM) 64-Bit Server VM (23.1-b03 mixed mode windows-amd64 compressed oops)
# Problematic frame:
# C  [ig4icd64.dll+0x1588a]
#
# Failed to write core dump. Minidumps are not enabled by default on client versions of Windows
#
# If you would like to submit a bug report, please visit:
#   http://bugreport.sun.com/bugreport/crash.jsp
# The crash happened outside the Java Virtual Machine in native code.
# See problematic frame for where to report the bug.
#

---------------  T H R E A D  ---------------

Current thread (0x00000000023dd800):  JavaThread "Minecraft main thread" [_thread_in_native, id=5884, stack(0x00000000024c0000,0x00000000025c0000)]

siginfo: ExceptionCode=0xc0000005, reading address 0x0000000000000014

Registers:
RAX=0x000000000e617000, RBX=0x0000000000000000, RCX=0x0000000000000113, RDX=0x0000000000168160
RSP=0x00000000025be1a0, RBP=0x0000000000000000, RSI=0x0000000000000000, RDI=0x0000000000000000
R8 =0x0000000000168630, R9 =0x0000000000000000, R10=0x000000000e6177e8, R11=0x0000000000000000
R12=0x0000000000000000, R13=0x000000001125dbe0, R14=0x0000000000165ee0, R15=0x0000000000168630
RIP=0x000000000f02588a, EFLAGS=0x0000000000010246

Top of Stack: (sp=0x00000000025be1a0)
0x00000000025be1a0:   000000005b97e728 000000005b6e6e14
0x00000000025be1b0:   00000000025be3b0 00000000025be1f9
0x00000000025be1c0:   000014caaaaaaabd 000000005b649bb1
0x00000000025be1d0:   0000000000000004 ffffffffffffffff
0x00000000025be1e0:   00000058ffffffff 000000005b97e728
0x00000000025be1f0:   0000000000000000 0000000000000000
0x00000000025be200:   0000000000000000 000000000ed72d80
0x00000000025be210:   3f8000003f800000 3f7f77773a997ae7
0x00000000025be220:   0000000000000000 000000003f800000
0x00000000025be230:   000000003f7f7777 0000000000000000
0x00000000025be240:   3f80000000000000 0000000000000000
0x00000000025be250:   00000000025be3b0 0000000000000000
0x00000000025be260:   000000000e6177e8 000000001125dbe0
0x00000000025be270:   0000000000168630 000000001125dc00
0x00000000025be280:   0000000000000000 0000000000000000
0x00000000025be290:   000000000ec8fbe0 000000000f026b90 

Instructions: (pc=0x000000000f02588a)
0x000000000f02586a:   04 48 8b 5f 08 48 8b 7f 10 48 85 ff 75 ee 48 89
0x000000000f02587a:   5c 24 60 41 0f b7 4f 6c 4c 8b 94 24 08 01 00 00
0x000000000f02588a:   8b 7b 14 4d 8b 82 98 10 01 00 49 8d 04 48 8a 14
0x000000000f02589a:   01 48 8b 44 24 68 48 8b 40 30 80 ea 16 0f b7 48 


Register to memory mapping:

RAX=0x000000000e617000 is an unknown value
RBX=0x0000000000000000 is an unknown value
RCX=0x0000000000000113 is an unknown value
RDX=0x0000000000168160 is an unknown value
RSP=0x00000000025be1a0 is pointing into the stack for thread: 0x00000000023dd800
RBP=0x0000000000000000 is an unknown value
RSI=0x0000000000000000 is an unknown value
RDI=0x0000000000000000 is an unknown value
R8 =0x0000000000168630 is an unknown value
R9 =0x0000000000000000 is an unknown value
R10=0x000000000e6177e8 is an unknown value
R11=0x0000000000000000 is an unknown value
R12=0x0000000000000000 is an unknown value
R13=0x000000001125dbe0 is an unknown value
R14=0x0000000000165ee0 is an unknown value
R15=0x0000000000168630 is an unknown value


Stack: [0x00000000024c0000,0x00000000025c0000],  sp=0x00000000025be1a0,  free space=1016k
Native frames: (J=compiled Java code, j=interpreted, Vv=VM code, C=native code)
C  [ig4icd64.dll+0x1588a]

[error occurred during error reporting (printing native stack), id 0xc0000005]

Java frames: (J=compiled Java code, j=interpreted, Vv=VM code)
j  org.lwjgl.opengl.GL11.nglCopyTexSubImage2D(IIIIIIIIJ)V+0
j  org.lwjgl.opengl.GL11.glCopyTexSubImage2D(IIIIIIII)V+31
j  net.minecraft.client.gui.GuiMainMenu.rotateAndBlurSkybox(F)V+28
j  net.minecraft.client.gui.GuiMainMenu.renderSkybox(IIF)V+32
j  net.minecraft.client.gui.GuiMainMenu.drawScreen(IIF)V+4
j  net.minecraft.client.renderer.EntityRenderer.updateCameraAndRender(F)V+678
j  net.minecraft.client.Minecraft.runGameLoop()V+318
j  net.minecraft.client.Minecraft.run()V+90
j  net.minecraft.client.main.Main.main([Ljava/lang/String;)V+759
v  ~StubRoutines::call_stub
j  sun.reflect.NativeMethodAccessorImpl.invoke0(Ljava/lang/reflect/Method;Ljava/lang/Object;[Ljava/lang/Object;)Ljava/lang/Object;+0
j  sun.reflect.NativeMethodAccessorImpl.invoke(Ljava/lang/Object;[Ljava/lang/Object;)Ljava/lang/Object;+87
j  sun.reflect.DelegatingMethodAccessorImpl.invoke(Ljava/lang/Object;[Ljava/lang/Object;)Ljava/lang/Object;+6
j  java.lang.reflect.Method.invoke(Ljava/lang/Object;[Ljava/lang/Object;)Ljava/lang/Object;+57
j  net.minecraft.launchwrapper.Launch.launch([Ljava/lang/String;)V+657
j  net.minecraft.launchwrapper.Launch.main([Ljava/lang/String;)V+8
v  ~StubRoutines::call_stub

---------------  P R O C E S S  ---------------

Java Threads: ( => current thread )
  0x000000002351f000 JavaThread "Thread-10" [_thread_blocked, id=11208, stack(0x0000000011580000,0x0000000011680000)]
  0x000000000d87d800 JavaThread "Thread-9" [_thread_in_vm, id=8876, stack(0x0000000022170000,0x0000000022270000)]
  0x00000000188fe000 JavaThread "Thread-8" [_thread_blocked, id=3400, stack(0x000000001ad20000,0x000000001ae20000)]
  0x000000001d48e000 JavaThread "Thread-7" [_thread_blocked, id=8212, stack(0x0000000011f30000,0x0000000012030000)]
  0x000000000c4b2800 JavaThread "Keep-Alive-Timer" daemon [_thread_blocked, id=10916, stack(0x0000000015ba0000,0x0000000015ca0000)]
  0x000000000cc67000 JavaThread "Java2D Disposer" daemon [_thread_blocked, id=7784, stack(0x000000000e970000,0x000000000ea70000)]
  0x000000000bbd6000 JavaThread "Timer hack thread" daemon [_thread_blocked, id=3212, stack(0x000000000e0b0000,0x000000000e1b0000)]
  0x000000000cc03000 JavaThread "Snooper Timer" daemon [_thread_blocked, id=5664, stack(0x000000000e870000,0x000000000e970000)]
  0x000000000a785000 JavaThread "Thread-1" daemon [_thread_blocked, id=3668, stack(0x000000000b800000,0x000000000b900000)]
  0x000000000a5eb800 JavaThread "Service Thread" daemon [_thread_blocked, id=11176, stack(0x000000000b2c0000,0x000000000b3c0000)]
  0x000000000a5e8800 JavaThread "C2 CompilerThread1" daemon [_thread_in_native, id=9920, stack(0x000000000b0f0000,0x000000000b1f0000)]
  0x000000000a5df000 JavaThread "C2 CompilerThread0" daemon [_thread_blocked, id=3096, stack(0x000000000afd0000,0x000000000b0d0000)]
  0x000000000a5de000 JavaThread "Attach Listener" daemon [_thread_blocked, id=10856, stack(0x000000000ae90000,0x000000000af90000)]
  0x000000000a5dd800 JavaThread "Signal Dispatcher" daemon [_thread_blocked, id=10312, stack(0x000000000ac40000,0x000000000ad40000)]
  0x000000000a5dc000 JavaThread "Surrogate Locker Thread (Concurrent GC)" daemon [_thread_blocked, id=10344, stack(0x000000000aa20000,0x000000000ab20000)]
  0x0000000009fa4000 JavaThread "Finalizer" daemon [_thread_blocked, id=10272, stack(0x000000000a470000,0x000000000a570000)]
  0x0000000009f9d000 JavaThread "Reference Handler" daemon [_thread_blocked, id=8568, stack(0x000000000a260000,0x000000000a360000)]
=>0x00000000023dd800 JavaThread "Minecraft main thread" [_thread_in_native, id=5884, stack(0x00000000024c0000,0x00000000025c0000)]

Other Threads:
  0x0000000009f94000 VMThread [stack: 0x000000000a0a0000,0x000000000a1a0000] [id=3368]
  0x000000000a5f5000 WatcherThread [stack: 0x000000000b3c0000,0x000000000b4c0000] [id=9628]

VM state:not at safepoint (normal execution)

VM Mutex/Monitor currently owned by a thread: None

Heap
 par new generation   total 306688K, used 180258K [0x00000000bae00000, 0x00000000cfac0000, 0x00000000cfac0000)
  eden space 272640K,  53% used [0x00000000bae00000, 0x00000000c3cc8a00, 0x00000000cb840000)
  from space 34048K, 100% used [0x00000000cd980000, 0x00000000cfac0000, 0x00000000cfac0000)
  to   space 34048K,   0% used [0x00000000cb840000, 0x00000000cb840000, 0x00000000cd980000)
 concurrent mark-sweep generation total 707840K, used 60065K [0x00000000cfac0000, 0x00000000fae00000, 0x00000000fae00000)
 concurrent-mark-sweep perm gen total 43784K, used 27129K [0x00000000fae00000, 0x00000000fd8c2000, 0x0000000000000000)

Code Cache  [0x00000000025c0000, 0x0000000002910000, 0x00000000055c0000)
 total_blobs=1586 nmethods=986 adapters=551 free_code_cache=45919Kb largest_free_block=46889920

Compilation events (10 events):
Event: 11.745 Thread 0x000000000a5e8800 1046             java.util.Arrays::equals (54 bytes)
Event: 11.748 Thread 0x000000000a5e8800 nmethod 1046 0x0000000002855fd0 code [0x0000000002856100, 0x0000000002856298]
Event: 11.748 Thread 0x000000000a5e8800 1047  s          java.io.ByteArrayInputStream::available (10 bytes)
Event: 11.749 Thread 0x000000000a5e8800 nmethod 1047 0x0000000002855c10 code [0x0000000002855d40, 0x0000000002855f58]
Event: 11.749 Thread 0x000000000a5e8800 1048             java.io.ByteArrayInputStream::mark (9 bytes)
Event: 11.749 Thread 0x000000000a5e8800 nmethod 1048 0x0000000002857b90 code [0x0000000002857cc0, 0x0000000002857d18]
Event: 11.750 Thread 0x000000000a5e8800 1049             sun.security.util.DerInputStream::getLength (111 bytes)
Event: 11.755 Thread 0x000000000a5e8800 nmethod 1049 0x0000000002858b50 code [0x0000000002858ca0, 0x0000000002859278]
Event: 11.755 Thread 0x000000000a5e8800 1050   !         java.security.cert.Certificate::hashCode (34 bytes)
Event: 11.759 Thread 0x000000000a5e8800 nmethod 1050 0x00000000028557d0 code [0x0000000002855920, 0x0000000002855b08]

GC Heap History (10 events):
Event: 3.620 GC heap before
{Heap before GC invocations=0 (full 0):
 par new generation   total 306688K, used 263964K [0x00000000bae00000, 0x00000000cfac0000, 0x00000000cfac0000)
  eden space 272640K,  96% used [0x00000000bae00000, 0x00000000cafc7118, 0x00000000cb840000)
  from space 34048K,   0% used [0x00000000cb840000, 0x00000000cb840000, 0x00000000cd980000)
  to   space 34048K,   0% used [0x00000000cd980000, 0x00000000cd980000, 0x00000000cfac0000)
 concurrent mark-sweep generation total 707840K, used 0K [0x00000000cfac0000, 0x00000000fae00000, 0x00000000fae00000)
 concurrent-mark-sweep perm gen total 21248K, used 15906K [0x00000000fae00000, 0x00000000fc2c0000, 0x0000000000000000)
Event: 3.651 GC heap after
Heap after GC invocations=1 (full 0):
 par new generation   total 306688K, used 34047K [0x00000000bae00000, 0x00000000cfac0000, 0x00000000cfac0000)
  eden space 272640K,   0% used [0x00000000bae00000, 0x00000000bae00000, 0x00000000cb840000)
  from space 34048K,  99% used [0x00000000cd980000, 0x00000000cfabfff8, 0x00000000cfac0000)
  to   space 34048K,   0% used [0x00000000cb840000, 0x00000000cb840000, 0x00000000cd980000)
 concurrent mark-sweep generation total 707840K, used 5657K [0x00000000cfac0000, 0x00000000fae00000, 0x00000000fae00000)
 concurrent-mark-sweep perm gen total 21248K, used 15906K [0x00000000fae00000, 0x00000000fc2c0000, 0x0000000000000000)
}
Event: 6.234 GC heap before
{Heap before GC invocations=1 (full 1):
 par new generation   total 306688K, used 306687K [0x00000000bae00000, 0x00000000cfac0000, 0x00000000cfac0000)
  eden space 272640K, 100% used [0x00000000bae00000, 0x00000000cb840000, 0x00000000cb840000)
  from space 34048K,  99% used [0x00000000cd980000, 0x00000000cfabfff8, 0x00000000cfac0000)
  to   space 34048K,   0% used [0x00000000cb840000, 0x00000000cb840000, 0x00000000cd980000)
 concurrent mark-sweep generation total 707840K, used 5657K [0x00000000cfac0000, 0x00000000fae00000, 0x00000000fae00000)
 concurrent-mark-sweep perm gen total 21248K, used 18344K [0x00000000fae00000, 0x00000000fc2c0000, 0x0000000000000000)
Event: 6.353 GC heap after
Heap after GC invocations=2 (full 1):
 par new generation   total 306688K, used 34048K [0x00000000bae00000, 0x00000000cfac0000, 0x00000000cfac0000)
  eden space 272640K,   0% used [0x00000000bae00000, 0x00000000bae00000, 0x00000000cb840000)
  from space 34048K, 100% used [0x00000000cb840000, 0x00000000cd980000, 0x00000000cd980000)
  to   space 34048K,   0% used [0x00000000cd980000, 0x00000000cd980000, 0x00000000cfac0000)
 concurrent mark-sweep generation total 707840K, used 44802K [0x00000000cfac0000, 0x00000000fae00000, 0x00000000fae00000)
 concurrent-mark-sweep perm gen total 21248K, used 18344K [0x00000000fae00000, 0x00000000fc2c0000, 0x0000000000000000)
}
Event: 8.303 GC heap before
{Heap before GC invocations=2 (full 1):
 par new generation   total 306688K, used 306688K [0x00000000bae00000, 0x00000000cfac0000, 0x00000000cfac0000)
  eden space 272640K, 100% used [0x00000000bae00000, 0x00000000cb840000, 0x00000000cb840000)
  from space 34048K, 100% used [0x00000000cb840000, 0x00000000cd980000, 0x00000000cd980000)
  to   space 34048K,   0% used [0x00000000cd980000, 0x00000000cd980000, 0x00000000cfac0000)
 concurrent mark-sweep generation total 707840K, used 44802K [0x00000000cfac0000, 0x00000000fae00000, 0x00000000fae00000)
 concurrent-mark-sweep perm gen total 23168K, used 23093K [0x00000000fae00000, 0x00000000fc4a0000, 0x0000000000000000)
Event: 8.350 GC heap after
Heap after GC invocations=3 (full 1):
 par new generation   total 306688K, used 12031K [0x00000000bae00000, 0x00000000cfac0000, 0x00000000cfac0000)
  eden space 272640K,   0% used [0x00000000bae00000, 0x00000000bae00000, 0x00000000cb840000)
  from space 34048K,  35% used [0x00000000cd980000, 0x00000000ce53fcb0, 0x00000000cfac0000)
  to   space 34048K,   0% used [0x00000000cb840000, 0x00000000cb840000, 0x00000000cd980000)
 concurrent mark-sweep generation total 707840K, used 51970K [0x00000000cfac0000, 0x00000000fae00000, 0x00000000fae00000)
 concurrent-mark-sweep perm gen total 23168K, used 23093K [0x00000000fae00000, 0x00000000fc4a0000, 0x0000000000000000)
}
Event: 10.069 GC heap before
{Heap before GC invocations=3 (full 1):
 par new generation   total 306688K, used 284671K [0x00000000bae00000, 0x00000000cfac0000, 0x00000000cfac0000)
  eden space 272640K, 100% used [0x00000000bae00000, 0x00000000cb840000, 0x00000000cb840000)
  from space 34048K,  35% used [0x00000000cd980000, 0x00000000ce53fcb0, 0x00000000cfac0000)
  to   space 34048K,   0% used [0x00000000cb840000, 0x00000000cb840000, 0x00000000cd980000)
 concurrent mark-sweep generation total 707840K, used 48226K [0x00000000cfac0000, 0x00000000fae00000, 0x00000000fae00000)
 concurrent-mark-sweep perm gen total 41656K, used 25053K [0x00000000fae00000, 0x00000000fd6ae000, 0x0000000000000000)
Event: 10.098 GC heap after
Heap after GC invocations=4 (full 1):
 par new generation   total 306688K, used 34048K [0x00000000bae00000, 0x00000000cfac0000, 0x00000000cfac0000)
  eden space 272640K,   0% used [0x00000000bae00000, 0x00000000bae00000, 0x00000000cb840000)
  from space 34048K, 100% used [0x00000000cb840000, 0x00000000cd980000, 0x00000000cd980000)
  to   space 34048K,   0% used [0x00000000cd980000, 0x00000000cd980000, 0x00000000cfac0000)
 concurrent mark-sweep generation total 707840K, used 51689K [0x00000000cfac0000, 0x00000000fae00000, 0x00000000fae00000)
 concurrent-mark-sweep perm gen total 41656K, used 25053K [0x00000000fae00000, 0x00000000fd6ae000, 0x0000000000000000)
}
Event: 11.484 GC heap before
{Heap before GC invocations=4 (full 2):
 par new generation   total 306688K, used 304192K [0x00000000bae00000, 0x00000000cfac0000, 0x00000000cfac0000)
  eden space 272640K,  99% used [0x00000000bae00000, 0x00000000cb5d0188, 0x00000000cb840000)
  from space 34048K, 100% used [0x00000000cb840000, 0x00000000cd980000, 0x00000000cd980000)
  to   space 34048K,   0% used [0x00000000cd980000, 0x00000000cd980000, 0x00000000cfac0000)
 concurrent mark-sweep generation total 707840K, used 51689K [0x00000000cfac0000, 0x00000000fae00000, 0x00000000fae00000)
 concurrent-mark-sweep perm gen total 41656K, used 25423K [0x00000000fae00000, 0x00000000fd6ae000, 0x0000000000000000)
Event: 11.528 GC heap after
Heap after GC invocations=5 (full 2):
 par new generation   total 306688K, used 34048K [0x00000000bae00000, 0x00000000cfac0000, 0x00000000cfac0000)
  eden space 272640K,   0% used [0x00000000bae00000, 0x00000000bae00000, 0x00000000cb840000)
  from space 34048K, 100% used [0x00000000cd980000, 0x00000000cfac0000, 0x00000000cfac0000)
  to   space 34048K,   0% used [0x00000000cb840000, 0x00000000cb840000, 0x00000000cd980000)
 concurrent mark-sweep generation total 707840K, used 71878K [0x00000000cfac0000, 0x00000000fae00000, 0x00000000fae00000)
 concurrent-mark-sweep perm gen total 41656K, used 25423K [0x00000000fae00000, 0x00000000fd6ae000, 0x0000000000000000)
}

Deoptimization events (10 events):
Event: 10.240 Thread 0x00000000023dd800 Uncommon trap -12 fr.pc 0x00000000028be808
Event: 10.294 Thread 0x00000000023dd800 Uncommon trap -122 fr.pc 0x00000000028b7090
Event: 11.532 Thread 0x000000001d48e000 Uncommon trap -83 fr.pc 0x00000000027816b8
Event: 11.591 Thread 0x000000000d87d800 Uncommon trap -34 fr.pc 0x00000000028afe94
Event: 11.591 Thread 0x000000000d87d800 Uncommon trap -12 fr.pc 0x00000000027ac94c
Event: 11.591 Thread 0x000000000d87d800 Uncommon trap -34 fr.pc 0x00000000028afe94
Event: 11.591 Thread 0x000000000d87d800 Uncommon trap -34 fr.pc 0x00000000028afe94
Event: 11.592 Thread 0x000000000d87d800 Uncommon trap -34 fr.pc 0x00000000028afe94
Event: 11.599 Thread 0x000000000d87d800 Uncommon trap -83 fr.pc 0x00000000027309e4
Event: 11.653 Thread 0x000000000d87d800 Uncommon trap -83 fr.pc 0x000000000268dc28

Internal exceptions (10 events):
Event: 10.258 Thread 0x00000000023dd800 Threw 0x00000000bbbf8be0 at C:\jdk7u1_64p\jdk7u5\hotspot\src\share\vm\prims\jni.cpp:715
Event: 10.259 Thread 0x00000000023dd800 Threw 0x00000000bbc02248 at C:\jdk7u1_64p\jdk7u5\hotspot\src\share\vm\prims\jni.cpp:715
Event: 10.260 Thread 0x00000000023dd800 Threw 0x00000000bbc0b8a0 at C:\jdk7u1_64p\jdk7u5\hotspot\src\share\vm\prims\jni.cpp:715
Event: 11.532 Thread 0x000000001d48e000 Implicit null exception at 0x00000000027815fb to 0x00000000027816a5
Event: 11.591 Thread 0x000000000d87d800 Implicit null exception at 0x00000000027aa9ab to 0x00000000027ac929
Event: 11.599 Thread 0x00000000023dd800 Threw 0x00000000bc658bb0 at C:\jdk7u1_64p\jdk7u5\hotspot\src\share\vm\prims\jvm.cpp:1166
Event: 11.599 Thread 0x000000000d87d800 Implicit null exception at 0x000000000273093c to 0x00000000027309d2
Event: 11.600 Thread 0x00000000023dd800 Threw 0x00000000bc6647c8 at C:\jdk7u1_64p\jdk7u5\hotspot\src\share\vm\prims\jvm.cpp:1166
Event: 11.653 Thread 0x000000000d87d800 Implicit null exception at 0x000000000268dbec to 0x000000000268dc1a
Event: 11.745 Thread 0x00000000188fe000 Threw 0x00000000c35a7028 at C:\jdk7u1_64p\jdk7u5\hotspot\src\share\vm\prims\jvm.cpp:2888

Events (10 events):
Event: 11.761 loading class 0x000000000bdd4a50 done
Event: 11.761 loading class 0x000000000bc44ee0 done
Event: 11.761 loading class 0x000000000d02da80
Event: 11.761 loading class 0x000000000d02da80 done
Event: 11.761 loading class 0x000000000d027080
Event: 11.761 loading class 0x000000000d027080 done
Event: 11.761 loading class 0x000000000d026e40
Event: 11.761 loading class 0x000000000d026e40 done
Event: 11.762 loading class 0x0000000021bc71c0
Event: 11.762 loading class 0x0000000021bc71c0 done


Dynamic libraries:
0x000000003f7a0000 - 0x000000003f7d4000 	C:\Program Files\Java\jre7\bin\javaw.exe
0x0000000076d20000 - 0x0000000076ec9000 	C:\Windows\SYSTEM32\ntdll.dll
0x0000000076c00000 - 0x0000000076d1f000 	C:\Windows\system32\kernel32.dll
0x00000000fce70000 - 0x00000000fcedb000 	C:\Windows\system32\KERNELBASE.dll
0x00000000fd4f0000 - 0x00000000fd5cb000 	C:\Windows\system32\ADVAPI32.dll
0x00000000fd910000 - 0x00000000fd9af000 	C:\Windows\system32\msvcrt.dll
0x00000000fd080000 - 0x00000000fd09f000 	C:\Windows\SYSTEM32\sechost.dll
0x00000000fd7e0000 - 0x00000000fd90d000 	C:\Windows\system32\RPCRT4.dll
0x0000000076b00000 - 0x0000000076bfa000 	C:\Windows\system32\USER32.dll
0x00000000fd010000 - 0x00000000fd077000 	C:\Windows\system32\GDI32.dll
0x00000000ff020000 - 0x00000000ff02e000 	C:\Windows\system32\LPK.dll
0x00000000fd420000 - 0x00000000fd4e9000 	C:\Windows\system32\USP10.dll
0x00000000fb6d0000 - 0x00000000fb8c4000 	C:\Windows\WinSxS\amd64_microsoft.windows.common-controls_6595b64144ccf1df_6.0.7601.17514_none_fa396087175ac9ac\COMCTL32.dll
0x00000000fd340000 - 0x00000000fd3b1000 	C:\Windows\system32\SHLWAPI.dll
0x00000000feff0000 - 0x00000000ff01e000 	C:\Windows\system32\IMM32.DLL
0x00000000fcf00000 - 0x00000000fd009000 	C:\Windows\system32\MSCTF.dll
0x00000000fca80000 - 0x00000000fcac4000 	C:\Windows\system32\nvinitx.dll
0x000000000f000000 - 0x000000000f006000 	C:\Program Files\NVIDIA Corporation\CoProcManager\_etoured.dll
0x00000000f55d0000 - 0x00000000f5615000 	C:\Program Files\NVIDIA Corporation\CoProcManager\nvd3d9wrapx.dll
0x00000000fe900000 - 0x00000000fead7000 	C:\Windows\system32\SETUPAPI.dll
0x00000000fcdf0000 - 0x00000000fce26000 	C:\Windows\system32\CFGMGR32.dll
0x00000000fd260000 - 0x00000000fd337000 	C:\Windows\system32\OLEAUT32.dll
0x00000000fd5d0000 - 0x00000000fd7d3000 	C:\Windows\system32\ole32.dll
0x00000000fce30000 - 0x00000000fce4a000 	C:\Windows\system32\DEVOBJ.dll
0x00000000f5400000 - 0x00000000f5437000 	C:\Program Files\NVIDIA Corporation\CoProcManager\nvdxgiwrapx.dll
0x0000000068340000 - 0x0000000068411000 	C:\Program Files\Java\jre7\bin\msvcr100.dll
0x000000005b480000 - 0x000000005bb9a000 	C:\Program Files\Java\jre7\bin\server\jvm.dll
0x00000000f8090000 - 0x00000000f8099000 	C:\Windows\system32\WSOCK32.dll
0x00000000fd3c0000 - 0x00000000fd40d000 	C:\Windows\system32\WS2_32.dll
0x00000000fd410000 - 0x00000000fd418000 	C:\Windows\system32\NSI.dll
0x00000000fac50000 - 0x00000000fac8b000 	C:\Windows\system32\WINMM.dll
0x0000000076ee0000 - 0x0000000076ee7000 	C:\Windows\system32\PSAPI.DLL
0x00000000727b0000 - 0x00000000727bf000 	C:\Program Files\Java\jre7\bin\verify.dll
0x0000000072780000 - 0x00000000727a8000 	C:\Program Files\Java\jre7\bin\java.dll
0x00000000721e0000 - 0x00000000721f5000 	C:\Program Files\Java\jre7\bin\zip.dll
0x0000000072200000 - 0x0000000072219000 	C:\Program Files\Java\jre7\bin\net.dll
0x00000000fc2b0000 - 0x00000000fc305000 	C:\Windows\system32\mswsock.dll
0x00000000fc2a0000 - 0x00000000fc2a7000 	C:\Windows\System32\wship6.dll
0x0000000072130000 - 0x0000000072141000 	C:\Program Files\Java\jre7\bin\nio.dll
0x0000000080000000 - 0x0000000080050000 	C:\Users\Joseph\Documents\GitHub\Netcraftv2.0\jars\versions\1.6.4\1.6.4-natives\lwjgl64.dll
0x00000000e47a0000 - 0x00000000e48bd000 	C:\Windows\system32\OPENGL32.dll
0x00000000fa3e0000 - 0x00000000fa40d000 	C:\Windows\system32\GLU32.dll
0x00000000ee040000 - 0x00000000ee131000 	C:\Windows\system32\DDRAW.dll
0x00000000fa090000 - 0x00000000fa098000 	C:\Windows\system32\DCIMAN32.dll
0x00000000faaa0000 - 0x00000000faab8000 	C:\Windows\system32\dwmapi.dll
0x00000000fbbc0000 - 0x00000000fbbcc000 	C:\Windows\system32\VERSION.dll
0x00000000fc310000 - 0x00000000fc327000 	C:\Windows\system32\CRYPTSP.dll
0x00000000fc010000 - 0x00000000fc057000 	C:\Windows\system32\rsaenh.dll
0x00000000fbdc0000 - 0x00000000fbdde000 	C:\Windows\system32\USERENV.dll
0x00000000fcad0000 - 0x00000000fcadf000 	C:\Windows\system32\profapi.dll
0x00000000fc970000 - 0x00000000fc97f000 	C:\Windows\system32\CRYPTBASE.dll
0x00000000fa970000 - 0x00000000fa985000 	C:\Windows\system32\NLAapi.dll
0x00000000f5080000 - 0x00000000f5095000 	C:\Windows\system32\napinsp.dll
0x00000000f5060000 - 0x00000000f5079000 	C:\Windows\system32\pnrpnsp.dll
0x00000000fc130000 - 0x00000000fc18b000 	C:\Windows\system32\DNSAPI.dll
0x00000000f4fd0000 - 0x00000000f4fdb000 	C:\Windows\System32\winrnr.dll
0x00000000f4fa0000 - 0x00000000f4fb0000 	C:\Windows\system32\wshbth.dll
0x0000000072a30000 - 0x0000000072a56000 	C:\Program Files\Bonjour\mdnsNSP.dll
0x00000000fa8e0000 - 0x00000000fa907000 	C:\Windows\system32\Iphlpapi.DLL
0x00000000fa8a0000 - 0x00000000fa8ab000 	C:\Windows\system32\WINNSI.DLL
0x00000000fbc90000 - 0x00000000fbc97000 	C:\Windows\System32\wshtcpip.dll
0x00000000f50a0000 - 0x00000000f50a8000 	C:\Windows\system32\rasadhlp.dll
0x00000000f9b20000 - 0x00000000f9b73000 	C:\Windows\System32\fwpuclnt.dll
0x0000000067d20000 - 0x0000000067eb4000 	C:\Program Files\Java\jre7\bin\awt.dll
0x00000000fb4f0000 - 0x00000000fb546000 	C:\Windows\system32\uxtheme.dll
0x000000000f010000 - 0x0000000010176000 	C:\Windows\system32\ig4icd64.dll
0x00000000fe7e0000 - 0x00000000fe879000 	C:\Windows\system32\CLBCatQ.DLL
0x00000000f4f00000 - 0x00000000f4f9c000 	C:\Windows\system32\mscms.dll
0x00000000eeea0000 - 0x00000000eeee2000 	C:\Windows\system32\icm32.dll
0x0000000072970000 - 0x000000007297b000 	C:\Program Files\Java\jre7\bin\management.dll
0x0000000071800000 - 0x0000000071824000 	C:\Program Files\Java\jre7\bin\sunec.dll
0x0000000072720000 - 0x000000007272b000 	C:\Program Files\Java\jre7\bin\sunmscapi.dll
0x00000000fcc20000 - 0x00000000fcd8c000 	C:\Windows\system32\CRYPT32.dll
0x00000000fcb70000 - 0x00000000fcb7f000 	C:\Windows\system32\MSASN1.dll
0x00000000fa720000 - 0x00000000fa845000 	C:\Windows\system32\dbghelp.dll
0x00000000055c0000 - 0x0000000005624000 	C:\Users\Joseph\Documents\GitHub\Netcraftv2.0\jars\versions\1.6.4\1.6.4-natives\OpenAL64.dll
0x00000000fd9b0000 - 0x00000000fe738000 	C:\Windows\system32\SHELL32.dll
0x00000000faea0000 - 0x00000000faeeb000 	C:\Windows\System32\MMDevApi.dll
0x00000000fb550000 - 0x00000000fb67c000 	C:\Windows\System32\PROPSYS.dll
0x00000000eed40000 - 0x00000000eedc8000 	C:\Windows\system32\dsound.dll
0x00000000fb100000 - 0x00000000fb12c000 	C:\Windows\system32\POWRPROF.dll
0x00000000facd0000 - 0x00000000fad1f000 	C:\Windows\system32\AUDIOSES.DLL

VM Arguments:
jvm_args: -Xincgc -Xmx1024M -Xms1024M -Djava.library.path=C:\Users\Joseph\Documents\GitHub\Netcraftv2.0\jars\versions\1.6.4\1.6.4-natives -Dfile.encoding=Cp1252 
java_command: net.minecraft.launchwrapper.Launch --version 1.6 --tweakClass cpw.mods.fml.common.launcher.FMLTweaker
Launcher Type: SUN_STANDARD

Environment Variables:
PATH=C:/Program Files (x86)/Java/jre7/bin/client;C:/Program Files (x86)/Java/jre7/bin;C:/Program Files (x86)/Java/jre7/lib/i386;c:\Program Files (x86)\Intel\iCLS Client\;c:\Program Files\Intel\iCLS Client\;C:\Program Files (x86)\NVIDIA Corporation\PhysX\Common;C:\Windows\system32;C:\Windows;C:\Windows\System32\Wbem;C:\Windows\System32\WindowsPowerShell\v1.0\;C:\Program Files\Intel\WiFi\bin\;C:\Program Files\Common Files\Intel\WirelessCommon\;C:\Program Files\Intel\Intel(R) Management Engine Components\DAL;C:\Program Files\Intel\Intel(R) Management Engine Components\IPT;C:\Program Files (x86)\Intel\Intel(R) Management Engine Components\DAL;C:\Program Files (x86)\Intel\Intel(R) Management Engine Components\IPT;C:\Program Files\Microsoft SQL Server\110\Tools\Binn\;C:\Users\Joseph\Desktop\foodmod\eclipse;
USERNAME=Joseph
OS=Windows_NT
PROCESSOR_IDENTIFIER=Intel64 Family 6 Model 42 Stepping 7, GenuineIntel



---------------  S Y S T E M  ---------------

OS: Windows 7 , 64 bit Build 7601 Service Pack 1

CPU:total 4 (2 cores per cpu, 2 threads per core) family 6 model 42 stepping 7, cmov, cx8, fxsr, mmx, sse, sse2, sse3, ssse3, sse4.1, sse4.2, popcnt, avx, ht, tsc, tscinvbit

Memory: 4k page, physical 6189376k(2149288k free), swap 12376888k(6721752k free)

vm_info: Java HotSpot(TM) 64-Bit Server VM (23.1-b03) for windows-amd64 JRE (1.7.0_05-b05), built on May 15 2012 18:09:30 by "java_re" with unknown MS VC++:1600

time: Mon Jan 27 13:35:03 2014
elapsed time: 11 seconds

