2013-12-25 23:49:56 [CLIENT] [INFO] Setting user: Player771
2013-12-25 23:49:57 [CLIENT] [INFO] LWJGL Version: 2.9.0
2013-12-25 23:49:59 [CLIENT] [INFO] Reloading ResourceManager: Default
2013-12-25 23:50:03 [CLIENT] [INFO] Reloading ResourceManager: Default, FMLFileResourcePack:Forge Mod Loader, FMLFileResourcePack:Minecraft Forge, FMLFileResourcePack:Netcraft
2013-12-25 23:50:05 [CLIENT] [INFO] Reloading ResourceManager: Default, FMLFileResourcePack:Forge Mod Loader, FMLFileResourcePack:Minecraft Forge, FMLFileResourcePack:Netcraft
2013-12-25 23:50:06 [CLIENT] [SEVERE] Realms: Invalid session id
2013-12-25 23:51:22 [CLIENT] [INFO] Stopping!
2013-12-26 13:31:41 [CLIENT] [INFO] Setting user: Player793
2013-12-26 13:31:41 [CLIENT] [INFO] LWJGL Version: 2.9.0
2013-12-26 13:31:42 [CLIENT] [INFO] Reloading ResourceManager: Default
2013-12-26 13:31:46 [CLIENT] [INFO] Reloading ResourceManager: Default, FMLFileResourcePack:Forge Mod Loader, FMLFileResourcePack:Minecraft Forge, FMLFileResourcePack:Netcraft
2013-12-26 13:31:46 [CLIENT] [INFO] Reloading ResourceManager: Default, FMLFileResourcePack:Forge Mod Loader, FMLFileResourcePack:Minecraft Forge, FMLFileResourcePack:Netcraft
2013-12-26 13:31:46 [CLIENT] [SEVERE] Using missing texture, unable to load: netcraft:textures/items/item.weathermodule.png
2013-12-26 13:31:46 [CLIENT] [SEVERE] Using missing texture, unable to load: minecraft:textures/items/MISSING_ICON_ITEM_4083_euupgrade.png
2013-12-26 13:31:46 [CLIENT] [SEVERE] Using missing texture, unable to load: netcraft:textures/items/item.design.png
2013-12-26 13:31:46 [CLIENT] [SEVERE] Using missing texture, unable to load: netcraft:textures/items/item.nuclearalloy.png
2013-12-26 13:31:46 [CLIENT] [SEVERE] Using missing texture, unable to load: minecraft:textures/items/MISSING_ICON_ITEM_4070_highvoltagecoil.png
2013-12-26 13:31:46 [CLIENT] [SEVERE] Using missing texture, unable to load: netcraft:textures/items/item.connector.png
2013-12-26 13:31:46 [CLIENT] [SEVERE] Using missing texture, unable to load: minecraft:textures/items/MISSING_ICON_ITEM_4086_capacitorupgrade.png
2013-12-26 13:31:46 [CLIENT] [SEVERE] Using missing texture, unable to load: minecraft:textures/items/MISSING_ICON_ITEM_4098_coreupgrade.png
2013-12-26 13:31:46 [CLIENT] [SEVERE] Using missing texture, unable to load: netcraft:textures/items/item.baseupgrade.png
2013-12-26 13:31:46 [CLIENT] [SEVERE] Using missing texture, unable to load: netcraft:textures/items/item.superdatachip.png
2013-12-26 13:31:46 [CLIENT] [SEVERE] Using missing texture, unable to load: netcraft:textures/items/item.atpmodule.png
2013-12-26 13:31:46 [CLIENT] [SEVERE] Using missing texture, unable to load: minecraft:textures/items/MISSING_ICON_ITEM_4084_storageupgrade.png
2013-12-26 13:31:46 [CLIENT] [SEVERE] Using missing texture, unable to load: netcraft:textures/items/item.communicator.png
2013-12-26 13:31:46 [CLIENT] [SEVERE] Using missing texture, unable to load: netcraft:textures/items/item.regenmodule.png
2013-12-26 13:31:46 [CLIENT] [SEVERE] Using missing texture, unable to load: netcraft:textures/items/item.powermodule.png
2013-12-26 13:31:46 [CLIENT] [SEVERE] Using missing texture, unable to load: minecraft:textures/items/MISSING_ICON_ITEM_4085_rangeupgrade.png
2013-12-26 13:31:46 [CLIENT] [SEVERE] Using missing texture, unable to load: netcraft:textures/items/item.forcefieldemitters.png
2013-12-26 13:31:46 [CLIENT] [SEVERE] Using missing texture, unable to load: netcraft:textures/items/item.netdatachip.png
2013-12-26 13:31:46 [CLIENT] [SEVERE] Using missing texture, unable to load: netcraft:textures/items/item.tpmodule.png
2013-12-26 13:31:46 [CLIENT] [SEVERE] Using missing texture, unable to load: netcraft:textures/items/item.redmodule.png
2013-12-26 13:31:46 [CLIENT] [SEVERE] Using missing texture, unable to load: minecraft:textures/items/MISSING_ICON_ITEM_4069_glassfibrecoil.png
2013-12-26 13:31:46 [CLIENT] [SEVERE] Using missing texture, unable to load: netcraft:textures/items/item.deathmodule.png
2013-12-26 13:31:46 [CLIENT] [SEVERE] Using missing texture, unable to load: netcraft:textures/items/item.centraldatachip.png
2013-12-26 13:31:46 [CLIENT] [SEVERE] Using missing texture, unable to load: netcraft:textures/items/item.resistmodule.png
2013-12-26 13:31:46 [CLIENT] [SEVERE] Using missing texture, unable to load: netcraft:textures/items/item.timemodule.png
2013-12-26 13:31:46 [CLIENT] [SEVERE] Using missing texture, unable to load: netcraft:textures/blocks/core0.png
2013-12-26 13:31:46 [CLIENT] [SEVERE] Using missing texture, unable to load: netcraft:textures/blocks/core1.png
2013-12-26 13:31:46 [CLIENT] [SEVERE] Using missing texture, unable to load: netcraft:textures/blocks/core2.png
2013-12-26 13:31:46 [CLIENT] [SEVERE] Using missing texture, unable to load: minecraft:textures/blocks/MISSING_ICON_TILE_3825_conditionalnode.png
2013-12-26 13:31:46 [CLIENT] [SEVERE] Using missing texture, unable to load: minecraft:textures/blocks/MISSING_ICON_TILE_3839_inputnode.png
2013-12-26 13:31:46 [CLIENT] [SEVERE] Using missing texture, unable to load: netcraft:textures/blocks/tile.connectionnode_off.png
2013-12-26 13:31:46 [CLIENT] [SEVERE] Using missing texture, unable to load: minecraft:textures/blocks/MISSING_ICON_TILE_3821_node.png
2013-12-26 13:31:47 [CLIENT] [SEVERE] Using missing texture, unable to load: netcraft:textures/blocks/tile.connectionnode_on.png
2013-12-26 13:31:47 [CLIENT] [SEVERE] Using missing texture, unable to load: netcraft:textures/blocks/tile.matrixcube.png
2013-12-26 13:31:48 [CLIENT] [SEVERE] Realms: Invalid session id
2013-12-26 13:31:53 [CLIENT] [WARNING] Memory connection overburdened; after processing 2500 packets, we still have 899 to go!
2013-12-26 13:38:11 [CLIENT] [INFO] Stopping!
2013-12-26 13:44:23 [CLIENT] [INFO] Setting user: Player591
2013-12-26 13:44:23 [CLIENT] [INFO] LWJGL Version: 2.9.0
2013-12-26 13:44:24 [CLIENT] [INFO] Reloading ResourceManager: Default
2013-12-26 13:44:27 [CLIENT] [INFO] Reloading ResourceManager: Default, FMLFileResourcePack:Forge Mod Loader, FMLFileResourcePack:Minecraft Forge, FMLFileResourcePack:Netcraft
2013-12-26 13:44:27 [CLIENT] [INFO] Reloading ResourceManager: Default, FMLFileResourcePack:Forge Mod Loader, FMLFileResourcePack:Minecraft Forge, FMLFileResourcePack:Netcraft
2013-12-26 13:44:27 [CLIENT] [SEVERE] Using missing texture, unable to load: minecraft:textures/items/MISSING_ICON_ITEM_4083_euupgrade.png
2013-12-26 13:44:27 [CLIENT] [SEVERE] Using missing texture, unable to load: minecraft:textures/items/MISSING_ICON_ITEM_4070_highvoltagecoil.png
2013-12-26 13:44:27 [CLIENT] [SEVERE] Using missing texture, unable to load: netcraft:textures/items/item.connector.png
2013-12-26 13:44:27 [CLIENT] [SEVERE] Using missing texture, unable to load: minecraft:textures/items/MISSING_ICON_ITEM_4086_capacitorupgrade.png
2013-12-26 13:44:27 [CLIENT] [SEVERE] Using missing texture, unable to load: minecraft:textures/items/MISSING_ICON_ITEM_4098_coreupgrade.png
2013-12-26 13:44:27 [CLIENT] [SEVERE] Using missing texture, unable to load: netcraft:textures/items/item.baseupgrade.png
2013-12-26 13:44:28 [CLIENT] [SEVERE] Using missing texture, unable to load: netcraft:textures/items/item.atpmodule.png
2013-12-26 13:44:28 [CLIENT] [SEVERE] Using missing texture, unable to load: minecraft:textures/items/MISSING_ICON_ITEM_4084_storageupgrade.png
2013-12-26 13:44:28 [CLIENT] [SEVERE] Using missing texture, unable to load: minecraft:textures/items/MISSING_ICON_ITEM_4085_rangeupgrade.png
2013-12-26 13:44:28 [CLIENT] [SEVERE] Using missing texture, unable to load: netcraft:textures/items/item.forcefieldemitters.png
2013-12-26 13:44:28 [CLIENT] [SEVERE] Using missing texture, unable to load: netcraft:textures/items/item.tpmodule.png
2013-12-26 13:44:28 [CLIENT] [SEVERE] Using missing texture, unable to load: minecraft:textures/items/MISSING_ICON_ITEM_4069_glassfibrecoil.png
2013-12-26 13:44:28 [CLIENT] [SEVERE] Using missing texture, unable to load: minecraft:textures/blocks/MISSING_ICON_TILE_3825_conditionalnode.png
2013-12-26 13:44:28 [CLIENT] [SEVERE] Using missing texture, unable to load: minecraft:textures/blocks/MISSING_ICON_TILE_3839_inputnode.png
2013-12-26 13:44:28 [CLIENT] [SEVERE] Using missing texture, unable to load: minecraft:textures/blocks/MISSING_ICON_TILE_3821_node.png
2013-12-26 13:44:28 [CLIENT] [SEVERE] Realms: Invalid session id
2013-12-26 13:47:42 [CLIENT] [INFO] [CHAT] Your game mode has been updated
2013-12-26 13:47:45 [CLIENT] [INFO] [CHAT] Your game mode has been updated
2013-12-26 13:47:47 [CLIENT] [INFO] [CHAT] Player591 fell from a high place
2013-12-26 13:49:42 [CLIENT] [INFO] Stopping!
2013-12-26 14:06:07 [CLIENT] [INFO] Setting user: Player927
2013-12-26 14:06:08 [CLIENT] [INFO] LWJGL Version: 2.9.0
2013-12-26 14:06:08 [CLIENT] [INFO] Reloading ResourceManager: Default
2013-12-26 14:06:11 [CLIENT] [INFO] Reloading ResourceManager: Default, FMLFileResourcePack:Forge Mod Loader, FMLFileResourcePack:Minecraft Forge, FMLFileResourcePack:Netcraft
2013-12-26 14:06:12 [CLIENT] [INFO] Reloading ResourceManager: Default, FMLFileResourcePack:Forge Mod Loader, FMLFileResourcePack:Minecraft Forge, FMLFileResourcePack:Netcraft
2013-12-26 14:06:12 [CLIENT] [SEVERE] Using missing texture, unable to load: minecraft:textures/items/MISSING_ICON_ITEM_4083_euupgrade.png
2013-12-26 14:06:12 [CLIENT] [SEVERE] Using missing texture, unable to load: minecraft:textures/items/MISSING_ICON_ITEM_4070_highvoltagecoil.png
2013-12-26 14:06:12 [CLIENT] [SEVERE] Using missing texture, unable to load: netcraft:textures/items/item.connector.png
2013-12-26 14:06:12 [CLIENT] [SEVERE] Using missing texture, unable to load: minecraft:textures/items/MISSING_ICON_ITEM_4086_capacitorupgrade.png
2013-12-26 14:06:12 [CLIENT] [SEVERE] Using missing texture, unable to load: minecraft:textures/items/MISSING_ICON_ITEM_4098_coreupgrade.png
2013-12-26 14:06:12 [CLIENT] [SEVERE] Using missing texture, unable to load: netcraft:textures/items/item.baseupgrade.png
2013-12-26 14:06:12 [CLIENT] [SEVERE] Using missing texture, unable to load: netcraft:textures/items/item.atpmodule.png
2013-12-26 14:06:12 [CLIENT] [SEVERE] Using missing texture, unable to load: minecraft:textures/items/MISSING_ICON_ITEM_4084_storageupgrade.png
2013-12-26 14:06:12 [CLIENT] [SEVERE] Using missing texture, unable to load: minecraft:textures/items/MISSING_ICON_ITEM_4085_rangeupgrade.png
2013-12-26 14:06:12 [CLIENT] [SEVERE] Using missing texture, unable to load: netcraft:textures/items/item.forcefieldemitters.png
2013-12-26 14:06:12 [CLIENT] [SEVERE] Using missing texture, unable to load: netcraft:textures/items/item.tpmodule.png
2013-12-26 14:06:12 [CLIENT] [SEVERE] Using missing texture, unable to load: minecraft:textures/items/MISSING_ICON_ITEM_4069_glassfibrecoil.png
2013-12-26 14:06:12 [CLIENT] [SEVERE] Using missing texture, unable to load: minecraft:textures/blocks/MISSING_ICON_TILE_3825_conditionalnode.png
2013-12-26 14:06:12 [CLIENT] [SEVERE] Using missing texture, unable to load: minecraft:textures/blocks/MISSING_ICON_TILE_3839_inputnode.png
2013-12-26 14:06:12 [CLIENT] [SEVERE] Using missing texture, unable to load: minecraft:textures/blocks/MISSING_ICON_TILE_3821_node.png
2013-12-26 14:06:12 [CLIENT] [INFO] Stopping!
2013-12-26 14:11:32 [CLIENT] [INFO] Setting user: Player843
2013-12-26 14:11:32 [CLIENT] [INFO] LWJGL Version: 2.9.0
2013-12-26 14:11:33 [CLIENT] [INFO] Reloading ResourceManager: Default
2013-12-26 14:11:35 [CLIENT] [INFO] Reloading ResourceManager: Default, FMLFileResourcePack:Forge Mod Loader, FMLFileResourcePack:Minecraft Forge, FMLFileResourcePack:Netcraft
2013-12-26 14:11:36 [CLIENT] [INFO] Reloading ResourceManager: Default, FMLFileResourcePack:Forge Mod Loader, FMLFileResourcePack:Minecraft Forge, FMLFileResourcePack:Netcraft
2013-12-26 14:11:36 [CLIENT] [SEVERE] Using missing texture, unable to load: minecraft:textures/items/MISSING_ICON_ITEM_4083_euupgrade.png
2013-12-26 14:11:36 [CLIENT] [SEVERE] Using missing texture, unable to load: minecraft:textures/items/MISSING_ICON_ITEM_4070_highvoltagecoil.png
2013-12-26 14:11:36 [CLIENT] [SEVERE] Using missing texture, unable to load: netcraft:textures/items/item.connector.png
2013-12-26 14:11:36 [CLIENT] [SEVERE] Using missing texture, unable to load: minecraft:textures/items/MISSING_ICON_ITEM_4086_capacitorupgrade.png
2013-12-26 14:11:36 [CLIENT] [SEVERE] Using missing texture, unable to load: minecraft:textures/items/MISSING_ICON_ITEM_4098_coreupgrade.png
2013-12-26 14:11:36 [CLIENT] [SEVERE] Using missing texture, unable to load: netcraft:textures/items/item.baseupgrade.png
2013-12-26 14:11:36 [CLIENT] [SEVERE] Using missing texture, unable to load: netcraft:textures/items/item.atpmodule.png
2013-12-26 14:11:36 [CLIENT] [SEVERE] Using missing texture, unable to load: minecraft:textures/items/MISSING_ICON_ITEM_4084_storageupgrade.png
2013-12-26 14:11:36 [CLIENT] [SEVERE] Using missing texture, unable to load: minecraft:textures/items/MISSING_ICON_ITEM_4085_rangeupgrade.png
2013-12-26 14:11:36 [CLIENT] [SEVERE] Using missing texture, unable to load: netcraft:textures/items/item.forcefieldemitters.png
2013-12-26 14:11:36 [CLIENT] [SEVERE] Using missing texture, unable to load: netcraft:textures/items/item.tpmodule.png
2013-12-26 14:11:36 [CLIENT] [SEVERE] Using missing texture, unable to load: minecraft:textures/items/MISSING_ICON_ITEM_4069_glassfibrecoil.png
2013-12-26 14:11:36 [CLIENT] [SEVERE] Using missing texture, unable to load: minecraft:textures/blocks/MISSING_ICON_TILE_3825_conditionalnode.png
2013-12-26 14:11:36 [CLIENT] [SEVERE] Using missing texture, unable to load: minecraft:textures/blocks/MISSING_ICON_TILE_3839_inputnode.png
2013-12-26 14:11:36 [CLIENT] [SEVERE] Using missing texture, unable to load: minecraft:textures/blocks/MISSING_ICON_TILE_3821_node.png
2013-12-26 14:11:37 [CLIENT] [SEVERE] Realms: Invalid session id
2013-12-26 14:11:45 [CLIENT] [INFO] [CHAT] Your game mode has been updated
2013-12-26 14:12:26 [CLIENT] [INFO] [CHAT] Usage: /time <set|add> <value>
2013-12-26 14:12:29 [CLIENT] [INFO] [CHAT] Set the time to 100
2013-12-26 14:13:05 [CLIENT] [INFO] Stopping!
2013-12-26 14:14:59 [CLIENT] [INFO] Setting user: Player355
2013-12-26 14:15:00 [CLIENT] [INFO] LWJGL Version: 2.9.0
2013-12-26 14:15:01 [CLIENT] [INFO] Reloading ResourceManager: Default
2013-12-26 14:15:03 [CLIENT] [INFO] Reloading ResourceManager: Default, FMLFileResourcePack:Forge Mod Loader, FMLFileResourcePack:Minecraft Forge, FMLFileResourcePack:Netcraft
2013-12-26 14:15:04 [CLIENT] [INFO] Reloading ResourceManager: Default, FMLFileResourcePack:Forge Mod Loader, FMLFileResourcePack:Minecraft Forge, FMLFileResourcePack:Netcraft
2013-12-26 14:15:04 [CLIENT] [SEVERE] Using missing texture, unable to load: minecraft:textures/items/MISSING_ICON_ITEM_4083_euupgrade.png
2013-12-26 14:15:04 [CLIENT] [SEVERE] Using missing texture, unable to load: minecraft:textures/items/MISSING_ICON_ITEM_4070_highvoltagecoil.png
2013-12-26 14:15:04 [CLIENT] [SEVERE] Using missing texture, unable to load: netcraft:textures/items/item.connector.png
2013-12-26 14:15:04 [CLIENT] [SEVERE] Using missing texture, unable to load: minecraft:textures/items/MISSING_ICON_ITEM_4086_capacitorupgrade.png
2013-12-26 14:15:04 [CLIENT] [SEVERE] Using missing texture, unable to load: minecraft:textures/items/MISSING_ICON_ITEM_4098_coreupgrade.png
2013-12-26 14:15:04 [CLIENT] [SEVERE] Using missing texture, unable to load: netcraft:textures/items/item.baseupgrade.png
2013-12-26 14:15:04 [CLIENT] [SEVERE] Using missing texture, unable to load: netcraft:textures/items/item.atpmodule.png
2013-12-26 14:15:04 [CLIENT] [SEVERE] Using missing texture, unable to load: minecraft:textures/items/MISSING_ICON_ITEM_4084_storageupgrade.png
2013-12-26 14:15:04 [CLIENT] [SEVERE] Using missing texture, unable to load: minecraft:textures/items/MISSING_ICON_ITEM_4085_rangeupgrade.png
2013-12-26 14:15:04 [CLIENT] [SEVERE] Using missing texture, unable to load: netcraft:textures/items/item.forcefieldemitters.png
2013-12-26 14:15:04 [CLIENT] [SEVERE] Using missing texture, unable to load: netcraft:textures/items/item.tpmodule.png
2013-12-26 14:15:04 [CLIENT] [SEVERE] Using missing texture, unable to load: minecraft:textures/items/MISSING_ICON_ITEM_4069_glassfibrecoil.png
2013-12-26 14:15:04 [CLIENT] [SEVERE] Using missing texture, unable to load: minecraft:textures/blocks/MISSING_ICON_TILE_3825_conditionalnode.png
2013-12-26 14:15:04 [CLIENT] [SEVERE] Using missing texture, unable to load: minecraft:textures/blocks/MISSING_ICON_TILE_3839_inputnode.png
2013-12-26 14:15:04 [CLIENT] [SEVERE] Using missing texture, unable to load: minecraft:textures/blocks/MISSING_ICON_TILE_3821_node.png
2013-12-26 14:15:05 [CLIENT] [SEVERE] Realms: Invalid session id
2013-12-26 14:18:24 [CLIENT] [INFO] Setting user: Player59
2013-12-26 14:18:25 [CLIENT] [INFO] LWJGL Version: 2.9.0
2013-12-26 14:18:25 [CLIENT] [INFO] Reloading ResourceManager: Default
2013-12-26 14:18:28 [CLIENT] [INFO] Reloading ResourceManager: Default, FMLFileResourcePack:Forge Mod Loader, FMLFileResourcePack:Minecraft Forge, FMLFileResourcePack:Netcraft
2013-12-26 14:18:28 [CLIENT] [INFO] Reloading ResourceManager: Default, FMLFileResourcePack:Forge Mod Loader, FMLFileResourcePack:Minecraft Forge, FMLFileResourcePack:Netcraft
2013-12-26 14:18:28 [CLIENT] [SEVERE] Using missing texture, unable to load: minecraft:textures/items/MISSING_ICON_ITEM_4083_euupgrade.png
2013-12-26 14:18:28 [CLIENT] [SEVERE] Using missing texture, unable to load: minecraft:textures/items/MISSING_ICON_ITEM_4070_highvoltagecoil.png
2013-12-26 14:18:28 [CLIENT] [SEVERE] Using missing texture, unable to load: netcraft:textures/items/item.connector.png
2013-12-26 14:18:28 [CLIENT] [SEVERE] Using missing texture, unable to load: minecraft:textures/items/MISSING_ICON_ITEM_4086_capacitorupgrade.png
2013-12-26 14:18:28 [CLIENT] [SEVERE] Using missing texture, unable to load: minecraft:textures/items/MISSING_ICON_ITEM_4098_coreupgrade.png
2013-12-26 14:18:28 [CLIENT] [SEVERE] Using missing texture, unable to load: netcraft:textures/items/item.baseupgrade.png
2013-12-26 14:18:28 [CLIENT] [SEVERE] Using missing texture, unable to load: netcraft:textures/items/item.atpmodule.png
2013-12-26 14:18:28 [CLIENT] [SEVERE] Using missing texture, unable to load: minecraft:textures/items/MISSING_ICON_ITEM_4084_storageupgrade.png
2013-12-26 14:18:28 [CLIENT] [SEVERE] Using missing texture, unable to load: minecraft:textures/items/MISSING_ICON_ITEM_4085_rangeupgrade.png
2013-12-26 14:18:28 [CLIENT] [SEVERE] Using missing texture, unable to load: netcraft:textures/items/item.forcefieldemitters.png
2013-12-26 14:18:28 [CLIENT] [SEVERE] Using missing texture, unable to load: netcraft:textures/items/item.tpmodule.png
2013-12-26 14:18:29 [CLIENT] [SEVERE] Using missing texture, unable to load: minecraft:textures/items/MISSING_ICON_ITEM_4069_glassfibrecoil.png
2013-12-26 14:18:29 [CLIENT] [SEVERE] Using missing texture, unable to load: minecraft:textures/blocks/MISSING_ICON_TILE_3825_conditionalnode.png
2013-12-26 14:18:29 [CLIENT] [SEVERE] Using missing texture, unable to load: minecraft:textures/blocks/MISSING_ICON_TILE_3839_inputnode.png
2013-12-26 14:18:29 [CLIENT] [SEVERE] Using missing texture, unable to load: minecraft:textures/blocks/MISSING_ICON_TILE_3821_node.png
2013-12-26 14:18:29 [CLIENT] [SEVERE] Realms: Invalid session id
2013-12-26 14:20:20 [CLIENT] [INFO] Setting user: Player463
2013-12-26 14:20:20 [CLIENT] [INFO] LWJGL Version: 2.9.0
2013-12-26 14:20:21 [CLIENT] [INFO] Reloading ResourceManager: Default
2013-12-26 14:20:23 [CLIENT] [INFO] Reloading ResourceManager: Default, FMLFileResourcePack:Forge Mod Loader, FMLFileResourcePack:Minecraft Forge, FMLFileResourcePack:Netcraft
2013-12-26 14:20:24 [CLIENT] [INFO] Reloading ResourceManager: Default, FMLFileResourcePack:Forge Mod Loader, FMLFileResourcePack:Minecraft Forge, FMLFileResourcePack:Netcraft
2013-12-26 14:20:24 [CLIENT] [SEVERE] Using missing texture, unable to load: minecraft:textures/items/MISSING_ICON_ITEM_4083_euupgrade.png
2013-12-26 14:20:24 [CLIENT] [SEVERE] Using missing texture, unable to load: minecraft:textures/items/MISSING_ICON_ITEM_4070_highvoltagecoil.png
2013-12-26 14:20:24 [CLIENT] [SEVERE] Using missing texture, unable to load: netcraft:textures/items/item.connector.png
2013-12-26 14:20:24 [CLIENT] [SEVERE] Using missing texture, unable to load: minecraft:textures/items/MISSING_ICON_ITEM_4086_capacitorupgrade.png
2013-12-26 14:20:24 [CLIENT] [SEVERE] Using missing texture, unable to load: minecraft:textures/items/MISSING_ICON_ITEM_4098_coreupgrade.png
2013-12-26 14:20:24 [CLIENT] [SEVERE] Using missing texture, unable to load: netcraft:textures/items/item.baseupgrade.png
2013-12-26 14:20:24 [CLIENT] [SEVERE] Using missing texture, unable to load: netcraft:textures/items/item.atpmodule.png
2013-12-26 14:20:24 [CLIENT] [SEVERE] Using missing texture, unable to load: minecraft:textures/items/MISSING_ICON_ITEM_4084_storageupgrade.png
2013-12-26 14:20:24 [CLIENT] [SEVERE] Using missing texture, unable to load: minecraft:textures/items/MISSING_ICON_ITEM_4085_rangeupgrade.png
2013-12-26 14:20:24 [CLIENT] [SEVERE] Using missing texture, unable to load: netcraft:textures/items/item.forcefieldemitters.png
2013-12-26 14:20:24 [CLIENT] [SEVERE] Using missing texture, unable to load: netcraft:textures/items/item.tpmodule.png
2013-12-26 14:20:24 [CLIENT] [SEVERE] Using missing texture, unable to load: minecraft:textures/items/MISSING_ICON_ITEM_4069_glassfibrecoil.png
2013-12-26 14:20:24 [CLIENT] [SEVERE] Using missing texture, unable to load: minecraft:textures/blocks/MISSING_ICON_TILE_3825_conditionalnode.png
2013-12-26 14:20:24 [CLIENT] [SEVERE] Using missing texture, unable to load: minecraft:textures/blocks/MISSING_ICON_TILE_3839_inputnode.png
2013-12-26 14:20:24 [CLIENT] [SEVERE] Using missing texture, unable to load: minecraft:textures/blocks/MISSING_ICON_TILE_3821_node.png
2013-12-26 14:20:25 [CLIENT] [SEVERE] Realms: Invalid session id
2013-12-26 14:24:04 [CLIENT] [INFO] Setting user: Player8
2013-12-26 14:24:05 [CLIENT] [INFO] LWJGL Version: 2.9.0
2013-12-26 14:24:05 [CLIENT] [INFO] Reloading ResourceManager: Default
2013-12-26 14:24:08 [CLIENT] [INFO] Reloading ResourceManager: Default, FMLFileResourcePack:Forge Mod Loader, FMLFileResourcePack:Minecraft Forge, FMLFileResourcePack:Netcraft
2013-12-26 14:24:09 [CLIENT] [INFO] Reloading ResourceManager: Default, FMLFileResourcePack:Forge Mod Loader, FMLFileResourcePack:Minecraft Forge, FMLFileResourcePack:Netcraft
2013-12-26 14:24:09 [CLIENT] [SEVERE] Using missing texture, unable to load: minecraft:textures/items/MISSING_ICON_ITEM_4083_euupgrade.png
2013-12-26 14:24:09 [CLIENT] [SEVERE] Using missing texture, unable to load: minecraft:textures/items/MISSING_ICON_ITEM_4070_highvoltagecoil.png
2013-12-26 14:24:09 [CLIENT] [SEVERE] Using missing texture, unable to load: netcraft:textures/items/item.connector.png
2013-12-26 14:24:09 [CLIENT] [SEVERE] Using missing texture, unable to load: minecraft:textures/items/MISSING_ICON_ITEM_4086_capacitorupgrade.png
2013-12-26 14:24:09 [CLIENT] [SEVERE] Using missing texture, unable to load: minecraft:textures/items/MISSING_ICON_ITEM_4098_coreupgrade.png
2013-12-26 14:24:09 [CLIENT] [SEVERE] Using missing texture, unable to load: netcraft:textures/items/item.baseupgrade.png
2013-12-26 14:24:09 [CLIENT] [SEVERE] Using missing texture, unable to load: netcraft:textures/items/item.atpmodule.png
2013-12-26 14:24:09 [CLIENT] [SEVERE] Using missing texture, unable to load: minecraft:textures/items/MISSING_ICON_ITEM_4084_storageupgrade.png
2013-12-26 14:24:09 [CLIENT] [SEVERE] Using missing texture, unable to load: minecraft:textures/items/MISSING_ICON_ITEM_4085_rangeupgrade.png
2013-12-26 14:24:09 [CLIENT] [SEVERE] Using missing texture, unable to load: netcraft:textures/items/item.forcefieldemitters.png
2013-12-26 14:24:09 [CLIENT] [SEVERE] Using missing texture, unable to load: netcraft:textures/items/item.tpmodule.png
2013-12-26 14:24:09 [CLIENT] [SEVERE] Using missing texture, unable to load: minecraft:textures/items/MISSING_ICON_ITEM_4069_glassfibrecoil.png
2013-12-26 14:24:09 [CLIENT] [SEVERE] Using missing texture, unable to load: minecraft:textures/blocks/MISSING_ICON_TILE_3825_conditionalnode.png
2013-12-26 14:24:09 [CLIENT] [SEVERE] Using missing texture, unable to load: minecraft:textures/blocks/MISSING_ICON_TILE_3839_inputnode.png
2013-12-26 14:24:09 [CLIENT] [SEVERE] Using missing texture, unable to load: minecraft:textures/blocks/MISSING_ICON_TILE_3821_node.png
2013-12-26 14:24:09 [CLIENT] [SEVERE] Realms: Invalid session id
