2013-12-25 23:50:51 [SERVER] [INFO] Starting integrated minecraft server version 1.6.4
2013-12-25 23:50:51 [SERVER] [INFO] Generating keypair
2013-12-25 23:50:52 [SERVER] [INFO] Converting map!
2013-12-25 23:50:52 [SERVER] [INFO] Scanning folders...
2013-12-25 23:50:52 [SERVER] [INFO] Total conversion count is 0
2013-12-25 23:50:52 [SERVER] [INFO] Preparing start region for level 0
2013-12-25 23:50:53 [SERVER] [INFO] Preparing spawn area: 10%
2013-12-25 23:50:54 [SERVER] [INFO] Preparing spawn area: 25%
2013-12-25 23:50:55 [SERVER] [INFO] Preparing spawn area: 48%
2013-12-25 23:50:56 [SERVER] [INFO] Preparing spawn area: 74%
2013-12-25 23:50:57 [SERVER] [INFO] Player771[/127.0.0.1:0] logged in with entity id 78 at (233.5, 60.0, 249.5)
2013-12-25 23:50:57 [SERVER] [INFO] Player771 joined the game
2013-12-25 23:50:59 [SERVER] [INFO] Saving and pausing game...
2013-12-25 23:50:59 [SERVER] [INFO] Saving chunks for level 'Test World'/Overworld
2013-12-25 23:51:06 [SERVER] [INFO] Saving chunks for level 'Test World'/Nether
2013-12-25 23:51:06 [SERVER] [INFO] Saving chunks for level 'Test World'/The End
2013-12-25 23:51:06 [SERVER] [WARNING] Can't keep up! Did the system time change, or is the server overloaded?
2013-12-25 23:51:21 [SERVER] [INFO] Saving and pausing game...
2013-12-25 23:51:21 [SERVER] [INFO] Saving chunks for level 'Test World'/Overworld
2013-12-25 23:51:22 [SERVER] [INFO] Stopping server
2013-12-26 13:31:50 [SERVER] [INFO] Starting integrated minecraft server version 1.6.4
2013-12-26 13:31:50 [SERVER] [INFO] Generating keypair
2013-12-26 13:31:50 [SERVER] [INFO] Preparing start region for level 0
2013-12-26 13:31:52 [SERVER] [INFO] Player793[/127.0.0.1:0] logged in with entity id 387 at (231.1382857153026, 64.0, 258.726380352614)
2013-12-26 13:31:52 [SERVER] [INFO] Player793 joined the game
2013-12-26 13:31:56 [SERVER] [INFO] Saving and pausing game...
2013-12-26 13:31:56 [SERVER] [INFO] Saving chunks for level 'Test World'/Overworld
2013-12-26 13:31:58 [SERVER] [INFO] Saving chunks for level 'Test World'/Nether
2013-12-26 13:31:58 [SERVER] [INFO] Saving chunks for level 'Test World'/The End
2013-12-26 13:38:09 [SERVER] [INFO] Saving and pausing game...
2013-12-26 13:38:09 [SERVER] [INFO] Saving chunks for level 'Test World'/Overworld
2013-12-26 13:38:09 [SERVER] [INFO] Saving chunks for level 'Test World'/Nether
2013-12-26 13:38:09 [SERVER] [INFO] Saving chunks for level 'Test World'/The End
2013-12-26 13:38:09 [SERVER] [INFO] Stopping server
2013-12-26 13:38:09 [SERVER] [INFO] Saving players
2013-12-26 13:38:09 [SERVER] [INFO] Player793 left the game
2013-12-26 13:38:09 [SERVER] [INFO] Saving worlds
2013-12-26 13:38:09 [SERVER] [INFO] Saving chunks for level 'Test World'/Overworld
2013-12-26 13:38:09 [SERVER] [INFO] Saving chunks for level 'Test World'/Nether
2013-12-26 13:38:09 [SERVER] [INFO] Saving chunks for level 'Test World'/The End
2013-12-26 13:45:02 [SERVER] [INFO] Starting integrated minecraft server version 1.6.4
2013-12-26 13:45:02 [SERVER] [INFO] Generating keypair
2013-12-26 13:45:02 [SERVER] [INFO] Preparing start region for level 0
2013-12-26 13:45:03 [SERVER] [INFO] Player591[/127.0.0.1:0] logged in with entity id 245 at (222.8105629133503, 64.0, 266.1285537060775)
2013-12-26 13:45:03 [SERVER] [INFO] Player591 joined the game
2013-12-26 13:45:04 [SERVER] [INFO] Saving and pausing game...
2013-12-26 13:45:04 [SERVER] [INFO] Saving chunks for level 'Test World'/Overworld
2013-12-26 13:45:04 [SERVER] [INFO] Saving chunks for level 'Test World'/Nether
2013-12-26 13:45:04 [SERVER] [INFO] Saving chunks for level 'Test World'/The End
2013-12-26 13:47:42 [SERVER] [INFO] [Player591: Set own game mode to Creative Mode]
2013-12-26 13:47:45 [SERVER] [INFO] [Player591: Set own game mode to Survival Mode]
2013-12-26 13:47:47 [SERVER] [INFO] Player591 fell from a high place
2013-12-26 13:47:57 [SERVER] [INFO] Saving and pausing game...
2013-12-26 13:47:57 [SERVER] [INFO] Saving chunks for level 'Test World'/Overworld
2013-12-26 13:47:57 [SERVER] [INFO] Saving chunks for level 'Test World'/Nether
2013-12-26 13:47:57 [SERVER] [INFO] Saving chunks for level 'Test World'/The End
2013-12-26 13:49:42 [SERVER] [INFO] Stopping server
2013-12-26 13:49:42 [SERVER] [INFO] Saving players
2013-12-26 13:49:42 [SERVER] [INFO] Player591 left the game
2013-12-26 13:49:42 [SERVER] [INFO] Saving worlds
2013-12-26 13:49:42 [SERVER] [INFO] Saving chunks for level 'Test World'/Overworld
2013-12-26 13:49:42 [SERVER] [INFO] Saving chunks for level 'Test World'/Nether
2013-12-26 13:49:42 [SERVER] [INFO] Saving chunks for level 'Test World'/The End
2013-12-26 14:11:40 [SERVER] [INFO] Starting integrated minecraft server version 1.6.4
2013-12-26 14:11:40 [SERVER] [INFO] Generating keypair
2013-12-26 14:11:40 [SERVER] [INFO] Preparing start region for level 0
2013-12-26 14:11:41 [SERVER] [INFO] Player843[/127.0.0.1:0] logged in with entity id 220 at (213.0284653706748, 39.0, 280.97345039624867)
2013-12-26 14:11:41 [SERVER] [INFO] Player843 joined the game
2013-12-26 14:11:45 [SERVER] [INFO] [Player843: Set own game mode to Creative Mode]
2013-12-26 14:12:29 [SERVER] [INFO] [Player843: Set the time to 100]
2013-12-26 14:13:05 [SERVER] [INFO] Stopping server
2013-12-26 14:13:05 [SERVER] [INFO] Saving players
2013-12-26 14:13:05 [SERVER] [INFO] Player843 left the game
2013-12-26 14:13:05 [SERVER] [INFO] Saving worlds
2013-12-26 14:13:05 [SERVER] [INFO] Saving chunks for level 'Test World'/Overworld
2013-12-26 14:13:05 [SERVER] [INFO] Saving chunks for level 'Test World'/Nether
2013-12-26 14:13:05 [SERVER] [INFO] Saving chunks for level 'Test World'/The End
2013-12-26 14:13:05 [SERVER] [INFO] Stopping server
2013-12-26 14:15:06 [SERVER] [INFO] Starting integrated minecraft server version 1.6.4
2013-12-26 14:15:06 [SERVER] [INFO] Generating keypair
2013-12-26 14:15:11 [SERVER] [INFO] Preparing start region for level 0
2013-12-26 14:15:12 [SERVER] [INFO] Player355[/127.0.0.1:0] logged in with entity id 196 at (235.66339139068398, 64.0, 253.05160174946494)
2013-12-26 14:15:12 [SERVER] [INFO] Player355 joined the game
2013-12-26 14:15:49 [SERVER] [SEVERE] Encountered an unexpected exception ReportedException
net.minecraft.util.ReportedException: Ticking memory connection
	at net.minecraft.network.NetworkListenThread.networkTick(NetworkListenThread.java:63)
	at net.minecraft.server.integrated.IntegratedServerListenThread.networkTick(IntegratedServerListenThread.java:109)
	at net.minecraft.server.MinecraftServer.updateTimeLightAndEntities(MinecraftServer.java:691)
	at net.minecraft.server.MinecraftServer.tick(MinecraftServer.java:587)
	at net.minecraft.server.integrated.IntegratedServer.tick(IntegratedServer.java:129)
	at net.minecraft.server.MinecraftServer.run(MinecraftServer.java:484)
	at net.minecraft.server.ThreadMinecraftServer.run(ThreadMinecraftServer.java:16)
Caused by: java.lang.NullPointerException
	at com.nitrogenegames.netcraft.block.BlockCore.onBlockAdded(BlockCore.java:77)
	at net.minecraft.world.chunk.Chunk.setBlockIDWithMetadata(Chunk.java:758)
	at net.minecraft.world.World.setBlock(World.java:559)
	at net.minecraft.item.ItemBlock.placeBlockAt(ItemBlock.java:241)
	at net.minecraft.item.ItemBlock.onItemUse(ItemBlock.java:119)
	at net.minecraft.item.ItemStack.tryPlaceItemIntoWorld(ItemStack.java:153)
	at net.minecraft.item.ItemInWorldManager.activateBlockOrUseItem(ItemInWorldManager.java:434)
	at net.minecraft.network.NetServerHandler.handlePlace(NetServerHandler.java:556)
	at net.minecraft.network.packet.Packet15Place.processPacket(Packet15Place.java:79)
	at net.minecraft.network.MemoryConnection.processReadPackets(MemoryConnection.java:89)
	at net.minecraft.network.NetServerHandler.networkTick(NetServerHandler.java:141)
	at net.minecraft.network.NetworkListenThread.networkTick(NetworkListenThread.java:54)
	... 6 more
2013-12-26 14:15:49 [SERVER] [SEVERE] This crash report has been saved to: C:\Users\Arpad\Documents\GitHub\Netcraftv2.0\jars\.\crash-reports\crash-2013-12-26_14.15.49-server.txt
2013-12-26 14:15:49 [SERVER] [INFO] Stopping server
2013-12-26 14:15:49 [SERVER] [INFO] Saving players
2013-12-26 14:15:49 [SERVER] [INFO] Player355 left the game
2013-12-26 14:19:08 [SERVER] [INFO] Starting integrated minecraft server version 1.6.4
2013-12-26 14:19:08 [SERVER] [INFO] Generating keypair
2013-12-26 14:19:08 [SERVER] [INFO] Preparing start region for level 0
2013-12-26 14:19:09 [SERVER] [INFO] Player59[/127.0.0.1:0] logged in with entity id 189 at (242.97603071212123, 64.0, 253.31052405738592)
2013-12-26 14:19:09 [SERVER] [INFO] Player59 joined the game
2013-12-26 14:19:11 [SERVER] [SEVERE] Encountered an unexpected exception ReportedException
net.minecraft.util.ReportedException: Ticking memory connection
	at net.minecraft.network.NetworkListenThread.networkTick(NetworkListenThread.java:63)
	at net.minecraft.server.integrated.IntegratedServerListenThread.networkTick(IntegratedServerListenThread.java:109)
	at net.minecraft.server.MinecraftServer.updateTimeLightAndEntities(MinecraftServer.java:691)
	at net.minecraft.server.MinecraftServer.tick(MinecraftServer.java:587)
	at net.minecraft.server.integrated.IntegratedServer.tick(IntegratedServer.java:129)
	at net.minecraft.server.MinecraftServer.run(MinecraftServer.java:484)
	at net.minecraft.server.ThreadMinecraftServer.run(ThreadMinecraftServer.java:16)
Caused by: java.lang.NullPointerException
	at com.nitrogenegames.netcraft.block.BlockCore.onBlockAdded(BlockCore.java:77)
	at net.minecraft.world.chunk.Chunk.setBlockIDWithMetadata(Chunk.java:758)
	at net.minecraft.world.World.setBlock(World.java:559)
	at net.minecraft.item.ItemBlock.placeBlockAt(ItemBlock.java:241)
	at net.minecraft.item.ItemBlock.onItemUse(ItemBlock.java:119)
	at net.minecraft.item.ItemStack.tryPlaceItemIntoWorld(ItemStack.java:153)
	at net.minecraft.item.ItemInWorldManager.activateBlockOrUseItem(ItemInWorldManager.java:434)
	at net.minecraft.network.NetServerHandler.handlePlace(NetServerHandler.java:556)
	at net.minecraft.network.packet.Packet15Place.processPacket(Packet15Place.java:79)
	at net.minecraft.network.MemoryConnection.processReadPackets(MemoryConnection.java:89)
	at net.minecraft.network.NetServerHandler.networkTick(NetServerHandler.java:141)
	at net.minecraft.network.NetworkListenThread.networkTick(NetworkListenThread.java:54)
	... 6 more
2013-12-26 14:19:11 [SERVER] [SEVERE] This crash report has been saved to: C:\Users\Arpad\Documents\GitHub\Netcraftv2.0\jars\.\crash-reports\crash-2013-12-26_14.19.11-server.txt
2013-12-26 14:19:11 [SERVER] [INFO] Stopping server
2013-12-26 14:19:11 [SERVER] [INFO] Saving players
2013-12-26 14:19:11 [SERVER] [INFO] Player59 left the game
2013-12-26 14:20:27 [SERVER] [INFO] Starting integrated minecraft server version 1.6.4
2013-12-26 14:20:27 [SERVER] [INFO] Generating keypair
2013-12-26 14:20:27 [SERVER] [INFO] Preparing start region for level 0
2013-12-26 14:20:28 [SERVER] [INFO] Player463[/127.0.0.1:0] logged in with entity id 190 at (242.97603071212123, 64.0, 253.31052405738592)
2013-12-26 14:20:28 [SERVER] [INFO] Player463 joined the game
2013-12-26 14:20:32 [SERVER] [SEVERE] Encountered an unexpected exception ReportedException
net.minecraft.util.ReportedException: Ticking memory connection
	at net.minecraft.network.NetworkListenThread.networkTick(NetworkListenThread.java:63)
	at net.minecraft.server.integrated.IntegratedServerListenThread.networkTick(IntegratedServerListenThread.java:109)
	at net.minecraft.server.MinecraftServer.updateTimeLightAndEntities(MinecraftServer.java:691)
	at net.minecraft.server.MinecraftServer.tick(MinecraftServer.java:587)
	at net.minecraft.server.integrated.IntegratedServer.tick(IntegratedServer.java:129)
	at net.minecraft.server.MinecraftServer.run(MinecraftServer.java:484)
	at net.minecraft.server.ThreadMinecraftServer.run(ThreadMinecraftServer.java:16)
Caused by: java.lang.NullPointerException
	at com.nitrogenegames.netcraft.block.BlockCore.onBlockAdded(BlockCore.java:77)
	at net.minecraft.world.chunk.Chunk.setBlockIDWithMetadata(Chunk.java:758)
	at net.minecraft.world.World.setBlock(World.java:559)
	at net.minecraft.item.ItemBlock.placeBlockAt(ItemBlock.java:241)
	at net.minecraft.item.ItemBlock.onItemUse(ItemBlock.java:119)
	at net.minecraft.item.ItemStack.tryPlaceItemIntoWorld(ItemStack.java:153)
	at net.minecraft.item.ItemInWorldManager.activateBlockOrUseItem(ItemInWorldManager.java:434)
	at net.minecraft.network.NetServerHandler.handlePlace(NetServerHandler.java:556)
	at net.minecraft.network.packet.Packet15Place.processPacket(Packet15Place.java:79)
	at net.minecraft.network.MemoryConnection.processReadPackets(MemoryConnection.java:89)
	at net.minecraft.network.NetServerHandler.networkTick(NetServerHandler.java:141)
	at net.minecraft.network.NetworkListenThread.networkTick(NetworkListenThread.java:54)
	... 6 more
2013-12-26 14:20:32 [SERVER] [SEVERE] This crash report has been saved to: C:\Users\Arpad\Documents\GitHub\Netcraftv2.0\jars\.\crash-reports\crash-2013-12-26_14.20.32-server.txt
2013-12-26 14:20:32 [SERVER] [INFO] Stopping server
2013-12-26 14:20:32 [SERVER] [INFO] Saving players
2013-12-26 14:20:32 [SERVER] [INFO] Player463 left the game
2013-12-26 14:20:32 [SERVER] [INFO] Stopping server
2013-12-26 14:24:11 [SERVER] [INFO] Starting integrated minecraft server version 1.6.4
2013-12-26 14:24:11 [SERVER] [INFO] Generating keypair
2013-12-26 14:24:12 [SERVER] [INFO] Preparing start region for level 0
2013-12-26 14:24:13 [SERVER] [INFO] Player8[/127.0.0.1:0] logged in with entity id 190 at (242.97603071212123, 64.0, 253.31052405738592)
2013-12-26 14:24:13 [SERVER] [INFO] Player8 joined the game
2013-12-26 14:24:13 [SERVER] [INFO] Saving and pausing game...
2013-12-26 14:24:13 [SERVER] [INFO] Saving chunks for level 'Test World'/Overworld
2013-12-26 14:24:14 [SERVER] [INFO] Saving chunks for level 'Test World'/Nether
2013-12-26 14:24:14 [SERVER] [INFO] Saving chunks for level 'Test World'/The End
2013-12-26 14:24:17 [SERVER] [SEVERE] Encountered an unexpected exception ReportedException
net.minecraft.util.ReportedException: Ticking memory connection
	at net.minecraft.network.NetworkListenThread.networkTick(NetworkListenThread.java:63)
	at net.minecraft.server.integrated.IntegratedServerListenThread.networkTick(IntegratedServerListenThread.java:109)
	at net.minecraft.server.MinecraftServer.updateTimeLightAndEntities(MinecraftServer.java:691)
	at net.minecraft.server.MinecraftServer.tick(MinecraftServer.java:587)
	at net.minecraft.server.integrated.IntegratedServer.tick(IntegratedServer.java:129)
	at net.minecraft.server.MinecraftServer.run(MinecraftServer.java:484)
	at net.minecraft.server.ThreadMinecraftServer.run(ThreadMinecraftServer.java:16)
Caused by: java.lang.NullPointerException
	at com.nitrogenegames.netcraft.block.BlockCore.onBlockAdded(BlockCore.java:76)
	at net.minecraft.world.chunk.Chunk.setBlockIDWithMetadata(Chunk.java:758)
	at net.minecraft.world.World.setBlock(World.java:559)
	at net.minecraft.item.ItemBlock.placeBlockAt(ItemBlock.java:241)
	at net.minecraft.item.ItemBlock.onItemUse(ItemBlock.java:119)
	at net.minecraft.item.ItemStack.tryPlaceItemIntoWorld(ItemStack.java:153)
	at net.minecraft.item.ItemInWorldManager.activateBlockOrUseItem(ItemInWorldManager.java:434)
	at net.minecraft.network.NetServerHandler.handlePlace(NetServerHandler.java:556)
	at net.minecraft.network.packet.Packet15Place.processPacket(Packet15Place.java:79)
	at net.minecraft.network.MemoryConnection.processReadPackets(MemoryConnection.java:89)
	at net.minecraft.network.NetServerHandler.networkTick(NetServerHandler.java:141)
	at net.minecraft.network.NetworkListenThread.networkTick(NetworkListenThread.java:54)
	... 6 more
2013-12-26 14:24:17 [SERVER] [SEVERE] This crash report has been saved to: C:\Users\Arpad\Documents\GitHub\Netcraftv2.0\jars\.\crash-reports\crash-2013-12-26_14.24.17-server.txt
2013-12-26 14:24:17 [SERVER] [INFO] Stopping server
2013-12-26 14:24:17 [SERVER] [INFO] Saving players
2013-12-26 14:24:17 [SERVER] [INFO] Player8 left the game
2013-12-26 14:24:17 [SERVER] [INFO] Stopping server
